"{"time": "2023-06-22 10:41:27,591", "level": "INFO", "correlation-id": "", "source": "com.intro.springbootapplication.SpringbootApplication:55", "message": "Starting SpringbootApplication using Java 17.0.6 on evonem with PID 8966 (/home/arjanaternava/Desktop/springmasterclass/springbootApplication/target/classes started by arjanaternava in /home/arjanaternava/Desktop/springmasterclass/springbootApplication)"}
""{"time": "2023-06-22 10:41:27,593", "level": "INFO", "correlation-id": "", "source": "com.intro.springbootapplication.SpringbootApplication:631", "message": "No active profile set, falling back to 1 default profile: "default""}
""{"time": "2023-06-22 10:41:27,864", "level": "INFO", "correlation-id": "", "source": "o.s.data.repository.config.RepositoryConfigurationDelegate:132", "message": "Bootstrapping Spring Data JPA repositories in DEFAULT mode."}
""{"time": "2023-06-22 10:41:27,880", "level": "INFO", "correlation-id": "", "source": "o.s.data.repository.config.RepositoryConfigurationDelegate:201", "message": "Finished Spring Data repository scanning in 13 ms. Found 1 JPA repository interfaces."}
""{"time": "2023-06-22 10:41:27,945", "level": "INFO", "correlation-id": "", "source": "org.springframework.cloud.context.scope.GenericScope:283", "message": "BeanFactory id=bb23b6c0-57f6-3f24-8c92-1b679e3a6884"}
""{"time": "2023-06-22 10:41:28,096", "level": "INFO", "correlation-id": "", "source": "org.springframework.boot.web.embedded.tomcat.TomcatWebServer:108", "message": "Tomcat initialized with port(s): 8080 (http)"}
""{"time": "2023-06-22 10:41:28,100", "level": "INFO", "correlation-id": "", "source": "org.apache.catalina.core.StandardService:173", "message": "Starting service [Tomcat]"}
""{"time": "2023-06-22 10:41:28,100", "level": "INFO", "correlation-id": "", "source": "org.apache.catalina.core.StandardEngine:173", "message": "Starting Servlet engine: [Apache Tomcat/9.0.75]"}
""{"time": "2023-06-22 10:41:28,148", "level": "INFO", "correlation-id": "", "source": "org.apache.catalina.core.ContainerBase.[Tomcat].[localhost].[/]:173", "message": "Initializing Spring embedded WebApplicationContext"}
""{"time": "2023-06-22 10:41:28,148", "level": "INFO", "correlation-id": "", "source": "o.s.boot.web.servlet.context.ServletWebServerApplicationContext:292", "message": "Root WebApplicationContext: initialization completed in 536 ms"}
""{"time": "2023-06-22 10:41:28,161", "level": "INFO", "correlation-id": "", "source": "com.zaxxer.hikari.HikariDataSource:110", "message": "HikariPool-1 - Starting..."}
""{"time": "2023-06-22 10:41:28,246", "level": "INFO", "correlation-id": "", "source": "com.zaxxer.hikari.HikariDataSource:123", "message": "HikariPool-1 - Start completed."}
""{"time": "2023-06-22 10:41:28,251", "level": "INFO", "correlation-id": "", "source": "o.s.boot.autoconfigure.h2.H2ConsoleAutoConfiguration:98", "message": "H2 console available at '/h2'. Database available at 'jdbc:h2:mem:testdb'"}
""{"time": "2023-06-22 10:41:28,313", "level": "INFO", "correlation-id": "", "source": "org.hibernate.jpa.internal.util.LogHelper:31", "message": "HHH000204: Processing PersistenceUnitInfo [name: default]"}
""{"time": "2023-06-22 10:41:28,339", "level": "INFO", "correlation-id": "", "source": "org.hibernate.Version:44", "message": "HHH000412: Hibernate ORM core version 5.6.15.Final"}
""{"time": "2023-06-22 10:41:28,392", "level": "INFO", "correlation-id": "", "source": "org.hibernate.annotations.common.Version:56", "message": "HCANN000001: Hibernate Commons Annotations {5.1.2.Final}"}
""{"time": "2023-06-22 10:41:28,432", "level": "INFO", "correlation-id": "", "source": "org.hibernate.dialect.Dialect:175", "message": "HHH000400: Using dialect: org.hibernate.dialect.H2Dialect"}
""{"time": "2023-06-22 10:41:28,634", "level": "INFO", "correlation-id": "", "source": "o.h.e.transaction.jta.platform.internal.JtaPlatformInitiator:52", "message": "HHH000490: Using JtaPlatform implementation: [org.hibernate.engine.transaction.jta.platform.internal.NoJtaPlatform]"}
""{"time": "2023-06-22 10:41:28,638", "level": "INFO", "correlation-id": "", "source": "o.s.orm.jpa.LocalContainerEntityManagerFactoryBean:437", "message": "Initialized JPA EntityManagerFactory for persistence unit 'default'"}
""{"time": "2023-06-22 10:41:28,760", "level": "WARN", "correlation-id": "", "source": "o.s.b.a.orm.jpa.JpaBaseConfiguration$JpaWebConfiguration:223", "message": "spring.jpa.open-in-view is enabled by default. Therefore, database queries may be performed during view rendering. Explicitly configure spring.jpa.open-in-view to disable this warning"}
""{"time": "2023-06-22 10:41:28,977", "level": "INFO", "correlation-id": "", "source": "org.springframework.boot.web.embedded.tomcat.TomcatWebServer:220", "message": "Tomcat started on port(s): 8080 (http) with context path ''"}
""{"time": "2023-06-22 10:41:28,992", "level": "INFO", "correlation-id": "", "source": "com.intro.springbootapplication.SpringbootApplication:61", "message": "Started SpringbootApplication in 1.627 seconds (JVM running for 1.855)"}
""{"time": "2023-06-22 10:47:00,106", "level": "INFO", "correlation-id": "", "source": "o.s.orm.jpa.LocalContainerEntityManagerFactoryBean:651", "message": "Closing JPA EntityManagerFactory for persistence unit 'default'"}
""{"time": "2023-06-22 10:47:00,106", "level": "INFO", "correlation-id": "", "source": "o.h.t.schema.internal.SchemaDropperImpl$DelayedDropActionImpl:538", "message": "HHH000477: Starting delayed evictData of schema as part of SessionFactory shut-down'"}
""{"time": "2023-06-22 10:47:00,305", "level": "INFO", "correlation-id": "", "source": "com.zaxxer.hikari.HikariDataSource:350", "message": "HikariPool-1 - Shutdown initiated..."}
""{"time": "2023-06-22 10:47:00,307", "level": "INFO", "correlation-id": "", "source": "com.zaxxer.hikari.HikariDataSource:352", "message": "HikariPool-1 - Shutdown completed."}
""{"time": "2023-06-22 10:47:02,612", "level": "INFO", "correlation-id": "", "source": "com.intro.springbootapplication.SpringbootApplication:55", "message": "Starting SpringbootApplication using Java 17.0.6 on evonem with PID 9472 (/home/arjanaternava/Desktop/springmasterclass/springbootApplication/target/classes started by arjanaternava in /home/arjanaternava/Desktop/springmasterclass/springbootApplication)"}
""{"time": "2023-06-22 10:47:02,615", "level": "INFO", "correlation-id": "", "source": "com.intro.springbootapplication.SpringbootApplication:631", "message": "No active profile set, falling back to 1 default profile: "default""}
""{"time": "2023-06-22 10:47:03,010", "level": "INFO", "correlation-id": "", "source": "o.s.data.repository.config.RepositoryConfigurationDelegate:132", "message": "Bootstrapping Spring Data JPA repositories in DEFAULT mode."}
""{"time": "2023-06-22 10:47:03,029", "level": "INFO", "correlation-id": "", "source": "o.s.data.repository.config.RepositoryConfigurationDelegate:201", "message": "Finished Spring Data repository scanning in 15 ms. Found 1 JPA repository interfaces."}
""{"time": "2023-06-22 10:47:03,099", "level": "INFO", "correlation-id": "", "source": "org.springframework.cloud.context.scope.GenericScope:283", "message": "BeanFactory id=402cad09-a1be-3f01-8361-cef7da527b5a"}
""{"time": "2023-06-22 10:47:03,242", "level": "INFO", "correlation-id": "", "source": "org.springframework.boot.web.embedded.tomcat.TomcatWebServer:108", "message": "Tomcat initialized with port(s): 8080 (http)"}
""{"time": "2023-06-22 10:47:03,246", "level": "INFO", "correlation-id": "", "source": "org.apache.catalina.core.StandardService:173", "message": "Starting service [Tomcat]"}
""{"time": "2023-06-22 10:47:03,246", "level": "INFO", "correlation-id": "", "source": "org.apache.catalina.core.StandardEngine:173", "message": "Starting Servlet engine: [Apache Tomcat/9.0.75]"}
""{"time": "2023-06-22 10:47:03,291", "level": "INFO", "correlation-id": "", "source": "org.apache.catalina.core.ContainerBase.[Tomcat].[localhost].[/]:173", "message": "Initializing Spring embedded WebApplicationContext"}
""{"time": "2023-06-22 10:47:03,292", "level": "INFO", "correlation-id": "", "source": "o.s.boot.web.servlet.context.ServletWebServerApplicationContext:292", "message": "Root WebApplicationContext: initialization completed in 649 ms"}
""{"time": "2023-06-22 10:47:03,340", "level": "INFO", "correlation-id": "", "source": "com.zaxxer.hikari.HikariDataSource:110", "message": "HikariPool-1 - Starting..."}
""{"time": "2023-06-22 10:47:03,430", "level": "INFO", "correlation-id": "", "source": "com.zaxxer.hikari.HikariDataSource:123", "message": "HikariPool-1 - Start completed."}
""{"time": "2023-06-22 10:47:03,436", "level": "INFO", "correlation-id": "", "source": "o.s.boot.autoconfigure.h2.H2ConsoleAutoConfiguration:98", "message": "H2 console available at '/h2'. Database available at 'jdbc:h2:mem:testdb'"}
""{"time": "2023-06-22 10:47:03,519", "level": "INFO", "correlation-id": "", "source": "org.hibernate.jpa.internal.util.LogHelper:31", "message": "HHH000204: Processing PersistenceUnitInfo [name: default]"}
""{"time": "2023-06-22 10:47:03,536", "level": "INFO", "correlation-id": "", "source": "org.hibernate.Version:44", "message": "HHH000412: Hibernate ORM core version 5.6.15.Final"}
""{"time": "2023-06-22 10:47:03,590", "level": "INFO", "correlation-id": "", "source": "org.hibernate.annotations.common.Version:56", "message": "HCANN000001: Hibernate Commons Annotations {5.1.2.Final}"}
""{"time": "2023-06-22 10:47:03,626", "level": "INFO", "correlation-id": "", "source": "org.hibernate.dialect.Dialect:175", "message": "HHH000400: Using dialect: org.hibernate.dialect.H2Dialect"}
""{"time": "2023-06-22 10:47:03,830", "level": "INFO", "correlation-id": "", "source": "o.h.e.transaction.jta.platform.internal.JtaPlatformInitiator:52", "message": "HHH000490: Using JtaPlatform implementation: [org.hibernate.engine.transaction.jta.platform.internal.NoJtaPlatform]"}
""{"time": "2023-06-22 10:47:03,834", "level": "INFO", "correlation-id": "", "source": "o.s.orm.jpa.LocalContainerEntityManagerFactoryBean:437", "message": "Initialized JPA EntityManagerFactory for persistence unit 'default'"}
""{"time": "2023-06-22 10:47:03,963", "level": "WARN", "correlation-id": "", "source": "o.s.b.a.orm.jpa.JpaBaseConfiguration$JpaWebConfiguration:223", "message": "spring.jpa.open-in-view is enabled by default. Therefore, database queries may be performed during view rendering. Explicitly configure spring.jpa.open-in-view to disable this warning"}
""{"time": "2023-06-22 10:47:04,226", "level": "INFO", "correlation-id": "", "source": "o.s.boot.actuate.endpoint.web.EndpointLinksResolver:58", "message": "Exposing 16 endpoint(s) beneath base path '/actuator'"}
""{"time": "2023-06-22 10:47:04,258", "level": "INFO", "correlation-id": "", "source": "org.springframework.boot.web.embedded.tomcat.TomcatWebServer:220", "message": "Tomcat started on port(s): 8080 (http) with context path ''"}
""{"time": "2023-06-22 10:47:04,277", "level": "INFO", "correlation-id": "", "source": "com.intro.springbootapplication.SpringbootApplication:61", "message": "Started SpringbootApplication in 1.98 seconds (JVM running for 2.236)"}
""{"time": "2023-06-22 10:47:04,662", "level": "INFO", "correlation-id": "", "source": "org.apache.catalina.core.ContainerBase.[Tomcat].[localhost].[/]:173", "message": "Initializing Spring DispatcherServlet 'dispatcherServlet'"}
""{"time": "2023-06-22 10:47:04,662", "level": "INFO", "correlation-id": "", "source": "org.springframework.web.servlet.DispatcherServlet:525", "message": "Initializing Servlet 'dispatcherServlet'"}
""{"time": "2023-06-22 10:47:04,663", "level": "INFO", "correlation-id": "", "source": "org.springframework.web.servlet.DispatcherServlet:547", "message": "Completed initialization in 0 ms"}
""{"time": "2023-06-22 10:54:54,635", "level": "INFO", "correlation-id": "", "source": "o.s.orm.jpa.LocalContainerEntityManagerFactoryBean:651", "message": "Closing JPA EntityManagerFactory for persistence unit 'default'"}
""{"time": "2023-06-22 10:54:54,635", "level": "INFO", "correlation-id": "", "source": "o.h.t.schema.internal.SchemaDropperImpl$DelayedDropActionImpl:538", "message": "HHH000477: Starting delayed evictData of schema as part of SessionFactory shut-down'"}
""{"time": "2023-06-22 10:54:54,835", "level": "INFO", "correlation-id": "", "source": "com.zaxxer.hikari.HikariDataSource:350", "message": "HikariPool-1 - Shutdown initiated..."}
""{"time": "2023-06-22 10:54:54,837", "level": "INFO", "correlation-id": "", "source": "com.zaxxer.hikari.HikariDataSource:352", "message": "HikariPool-1 - Shutdown completed."}
""{"time": "2023-06-22 10:54:57,238", "level": "INFO", "correlation-id": "", "source": "com.intro.springbootapplication.SpringbootApplication:55", "message": "Starting SpringbootApplication using Java 17.0.6 on evonem with PID 9975 (/home/arjanaternava/Desktop/springmasterclass/springbootApplication/target/classes started by arjanaternava in /home/arjanaternava/Desktop/springmasterclass/springbootApplication)"}
""{"time": "2023-06-22 10:54:57,241", "level": "INFO", "correlation-id": "", "source": "com.intro.springbootapplication.SpringbootApplication:631", "message": "No active profile set, falling back to 1 default profile: "default""}
""{"time": "2023-06-22 10:54:57,666", "level": "INFO", "correlation-id": "", "source": "o.s.data.repository.config.RepositoryConfigurationDelegate:132", "message": "Bootstrapping Spring Data JPA repositories in DEFAULT mode."}
""{"time": "2023-06-22 10:54:57,695", "level": "INFO", "correlation-id": "", "source": "o.s.data.repository.config.RepositoryConfigurationDelegate:201", "message": "Finished Spring Data repository scanning in 21 ms. Found 1 JPA repository interfaces."}
""{"time": "2023-06-22 10:54:57,760", "level": "INFO", "correlation-id": "", "source": "org.springframework.cloud.context.scope.GenericScope:283", "message": "BeanFactory id=ade665c3-4b5d-352a-9c95-4f9e7255c817"}
""{"time": "2023-06-22 10:54:57,916", "level": "INFO", "correlation-id": "", "source": "org.springframework.boot.web.embedded.tomcat.TomcatWebServer:108", "message": "Tomcat initialized with port(s): 8080 (http)"}
""{"time": "2023-06-22 10:54:57,921", "level": "INFO", "correlation-id": "", "source": "org.apache.catalina.core.StandardService:173", "message": "Starting service [Tomcat]"}
""{"time": "2023-06-22 10:54:57,922", "level": "INFO", "correlation-id": "", "source": "org.apache.catalina.core.StandardEngine:173", "message": "Starting Servlet engine: [Apache Tomcat/9.0.75]"}
""{"time": "2023-06-22 10:54:57,973", "level": "INFO", "correlation-id": "", "source": "org.apache.catalina.core.ContainerBase.[Tomcat].[localhost].[/]:173", "message": "Initializing Spring embedded WebApplicationContext"}
""{"time": "2023-06-22 10:54:57,973", "level": "INFO", "correlation-id": "", "source": "o.s.boot.web.servlet.context.ServletWebServerApplicationContext:292", "message": "Root WebApplicationContext: initialization completed in 698 ms"}
""{"time": "2023-06-22 10:54:58,030", "level": "INFO", "correlation-id": "", "source": "com.zaxxer.hikari.HikariDataSource:110", "message": "HikariPool-1 - Starting..."}
""{"time": "2023-06-22 10:54:58,124", "level": "INFO", "correlation-id": "", "source": "com.zaxxer.hikari.HikariDataSource:123", "message": "HikariPool-1 - Start completed."}
""{"time": "2023-06-22 10:54:58,131", "level": "INFO", "correlation-id": "", "source": "o.s.boot.autoconfigure.h2.H2ConsoleAutoConfiguration:98", "message": "H2 console available at '/h2'. Database available at 'jdbc:h2:mem:testdb'"}
""{"time": "2023-06-22 10:54:58,214", "level": "INFO", "correlation-id": "", "source": "org.hibernate.jpa.internal.util.LogHelper:31", "message": "HHH000204: Processing PersistenceUnitInfo [name: default]"}
""{"time": "2023-06-22 10:54:58,232", "level": "INFO", "correlation-id": "", "source": "org.hibernate.Version:44", "message": "HHH000412: Hibernate ORM core version 5.6.15.Final"}
""{"time": "2023-06-22 10:54:58,287", "level": "INFO", "correlation-id": "", "source": "org.hibernate.annotations.common.Version:56", "message": "HCANN000001: Hibernate Commons Annotations {5.1.2.Final}"}
""{"time": "2023-06-22 10:54:58,322", "level": "INFO", "correlation-id": "", "source": "org.hibernate.dialect.Dialect:175", "message": "HHH000400: Using dialect: org.hibernate.dialect.H2Dialect"}
""{"time": "2023-06-22 10:54:58,535", "level": "INFO", "correlation-id": "", "source": "o.h.e.transaction.jta.platform.internal.JtaPlatformInitiator:52", "message": "HHH000490: Using JtaPlatform implementation: [org.hibernate.engine.transaction.jta.platform.internal.NoJtaPlatform]"}
""{"time": "2023-06-22 10:54:58,539", "level": "INFO", "correlation-id": "", "source": "o.s.orm.jpa.LocalContainerEntityManagerFactoryBean:437", "message": "Initialized JPA EntityManagerFactory for persistence unit 'default'"}
""{"time": "2023-06-22 10:54:58,667", "level": "WARN", "correlation-id": "", "source": "o.s.b.a.orm.jpa.JpaBaseConfiguration$JpaWebConfiguration:223", "message": "spring.jpa.open-in-view is enabled by default. Therefore, database queries may be performed during view rendering. Explicitly configure spring.jpa.open-in-view to disable this warning"}
""{"time": "2023-06-22 10:54:58,950", "level": "INFO", "correlation-id": "", "source": "o.s.boot.actuate.endpoint.web.EndpointLinksResolver:58", "message": "Exposing 2 endpoint(s) beneath base path '/actuator'"}
""{"time": "2023-06-22 10:54:58,980", "level": "INFO", "correlation-id": "", "source": "org.springframework.boot.web.embedded.tomcat.TomcatWebServer:220", "message": "Tomcat started on port(s): 8080 (http) with context path ''"}
""{"time": "2023-06-22 10:54:58,995", "level": "INFO", "correlation-id": "", "source": "com.intro.springbootapplication.SpringbootApplication:61", "message": "Started SpringbootApplication in 1.961 seconds (JVM running for 2.265)"}
""{"time": "2023-06-22 10:54:59,454", "level": "INFO", "correlation-id": "", "source": "org.apache.catalina.core.ContainerBase.[Tomcat].[localhost].[/]:173", "message": "Initializing Spring DispatcherServlet 'dispatcherServlet'"}
""{"time": "2023-06-22 10:54:59,454", "level": "INFO", "correlation-id": "", "source": "org.springframework.web.servlet.DispatcherServlet:525", "message": "Initializing Servlet 'dispatcherServlet'"}
""{"time": "2023-06-22 10:54:59,455", "level": "INFO", "correlation-id": "", "source": "org.springframework.web.servlet.DispatcherServlet:547", "message": "Completed initialization in 1 ms"}
""{"time": "2023-06-22 10:58:44,195", "level": "INFO", "correlation-id": "", "source": "o.s.orm.jpa.LocalContainerEntityManagerFactoryBean:651", "message": "Closing JPA EntityManagerFactory for persistence unit 'default'"}
""{"time": "2023-06-22 10:58:44,195", "level": "INFO", "correlation-id": "", "source": "o.h.t.schema.internal.SchemaDropperImpl$DelayedDropActionImpl:538", "message": "HHH000477: Starting delayed evictData of schema as part of SessionFactory shut-down'"}
""{"time": "2023-06-22 10:58:44,394", "level": "INFO", "correlation-id": "", "source": "com.zaxxer.hikari.HikariDataSource:350", "message": "HikariPool-1 - Shutdown initiated..."}
""{"time": "2023-06-22 10:58:44,396", "level": "INFO", "correlation-id": "", "source": "com.zaxxer.hikari.HikariDataSource:352", "message": "HikariPool-1 - Shutdown completed."}
""{"time": "2023-06-22 10:58:46,046", "level": "INFO", "correlation-id": "", "source": "com.intro.springbootapplication.SpringbootApplication:55", "message": "Starting SpringbootApplication using Java 17.0.6 on evonem with PID 10358 (/home/arjanaternava/Desktop/springmasterclass/springbootApplication/target/classes started by arjanaternava in /home/arjanaternava/Desktop/springmasterclass/springbootApplication)"}
""{"time": "2023-06-22 10:58:46,048", "level": "INFO", "correlation-id": "", "source": "com.intro.springbootapplication.SpringbootApplication:631", "message": "No active profile set, falling back to 1 default profile: "default""}
""{"time": "2023-06-22 10:58:46,430", "level": "INFO", "correlation-id": "", "source": "o.s.data.repository.config.RepositoryConfigurationDelegate:132", "message": "Bootstrapping Spring Data JPA repositories in DEFAULT mode."}
""{"time": "2023-06-22 10:58:46,453", "level": "INFO", "correlation-id": "", "source": "o.s.data.repository.config.RepositoryConfigurationDelegate:201", "message": "Finished Spring Data repository scanning in 20 ms. Found 1 JPA repository interfaces."}
""{"time": "2023-06-22 10:58:46,516", "level": "INFO", "correlation-id": "", "source": "org.springframework.cloud.context.scope.GenericScope:283", "message": "BeanFactory id=a677af16-e91e-3529-8b0b-4b66dad42027"}
""{"time": "2023-06-22 10:58:46,680", "level": "INFO", "correlation-id": "", "source": "org.springframework.boot.web.embedded.tomcat.TomcatWebServer:108", "message": "Tomcat initialized with port(s): 8080 (http)"}
""{"time": "2023-06-22 10:58:46,684", "level": "INFO", "correlation-id": "", "source": "org.apache.catalina.core.StandardService:173", "message": "Starting service [Tomcat]"}
""{"time": "2023-06-22 10:58:46,684", "level": "INFO", "correlation-id": "", "source": "org.apache.catalina.core.StandardEngine:173", "message": "Starting Servlet engine: [Apache Tomcat/9.0.75]"}
""{"time": "2023-06-22 10:58:46,735", "level": "INFO", "correlation-id": "", "source": "org.apache.catalina.core.ContainerBase.[Tomcat].[localhost].[/]:173", "message": "Initializing Spring embedded WebApplicationContext"}
""{"time": "2023-06-22 10:58:46,736", "level": "INFO", "correlation-id": "", "source": "o.s.boot.web.servlet.context.ServletWebServerApplicationContext:292", "message": "Root WebApplicationContext: initialization completed in 669 ms"}
""{"time": "2023-06-22 10:58:46,799", "level": "INFO", "correlation-id": "", "source": "com.zaxxer.hikari.HikariDataSource:110", "message": "HikariPool-1 - Starting..."}
""{"time": "2023-06-22 10:58:46,884", "level": "INFO", "correlation-id": "", "source": "com.zaxxer.hikari.HikariDataSource:123", "message": "HikariPool-1 - Start completed."}
""{"time": "2023-06-22 10:58:46,890", "level": "INFO", "correlation-id": "", "source": "o.s.boot.autoconfigure.h2.H2ConsoleAutoConfiguration:98", "message": "H2 console available at '/h2'. Database available at 'jdbc:h2:mem:testdb'"}
""{"time": "2023-06-22 10:58:46,957", "level": "INFO", "correlation-id": "", "source": "org.hibernate.jpa.internal.util.LogHelper:31", "message": "HHH000204: Processing PersistenceUnitInfo [name: default]"}
""{"time": "2023-06-22 10:58:46,973", "level": "INFO", "correlation-id": "", "source": "org.hibernate.Version:44", "message": "HHH000412: Hibernate ORM core version 5.6.15.Final"}
""{"time": "2023-06-22 10:58:47,028", "level": "INFO", "correlation-id": "", "source": "org.hibernate.annotations.common.Version:56", "message": "HCANN000001: Hibernate Commons Annotations {5.1.2.Final}"}
""{"time": "2023-06-22 10:58:47,064", "level": "INFO", "correlation-id": "", "source": "org.hibernate.dialect.Dialect:175", "message": "HHH000400: Using dialect: org.hibernate.dialect.H2Dialect"}
""{"time": "2023-06-22 10:58:47,286", "level": "INFO", "correlation-id": "", "source": "o.h.e.transaction.jta.platform.internal.JtaPlatformInitiator:52", "message": "HHH000490: Using JtaPlatform implementation: [org.hibernate.engine.transaction.jta.platform.internal.NoJtaPlatform]"}
""{"time": "2023-06-22 10:58:47,290", "level": "INFO", "correlation-id": "", "source": "o.s.orm.jpa.LocalContainerEntityManagerFactoryBean:437", "message": "Initialized JPA EntityManagerFactory for persistence unit 'default'"}
""{"time": "2023-06-22 10:58:47,424", "level": "WARN", "correlation-id": "", "source": "o.s.b.a.orm.jpa.JpaBaseConfiguration$JpaWebConfiguration:223", "message": "spring.jpa.open-in-view is enabled by default. Therefore, database queries may be performed during view rendering. Explicitly configure spring.jpa.open-in-view to disable this warning"}
""{"time": "2023-06-22 10:58:47,719", "level": "INFO", "correlation-id": "", "source": "o.s.boot.actuate.endpoint.web.EndpointLinksResolver:58", "message": "Exposing 2 endpoint(s) beneath base path '/actuator'"}
""{"time": "2023-06-22 10:58:47,754", "level": "INFO", "correlation-id": "", "source": "org.springframework.boot.web.embedded.tomcat.TomcatWebServer:220", "message": "Tomcat started on port(s): 8080 (http) with context path ''"}
""{"time": "2023-06-22 10:58:47,775", "level": "INFO", "correlation-id": "", "source": "com.intro.springbootapplication.SpringbootApplication:61", "message": "Started SpringbootApplication in 1.977 seconds (JVM running for 2.244)"}
""{"time": "2023-06-22 10:58:48,672", "level": "INFO", "correlation-id": "", "source": "org.apache.catalina.core.ContainerBase.[Tomcat].[localhost].[/]:173", "message": "Initializing Spring DispatcherServlet 'dispatcherServlet'"}
""{"time": "2023-06-22 10:58:48,673", "level": "INFO", "correlation-id": "", "source": "org.springframework.web.servlet.DispatcherServlet:525", "message": "Initializing Servlet 'dispatcherServlet'"}
""{"time": "2023-06-22 10:58:48,674", "level": "INFO", "correlation-id": "", "source": "org.springframework.web.servlet.DispatcherServlet:547", "message": "Completed initialization in 1 ms"}
""{"time": "2023-06-22 12:53:42,847", "level": "INFO", "correlation-id": "", "source": "o.s.orm.jpa.LocalContainerEntityManagerFactoryBean:651", "message": "Closing JPA EntityManagerFactory for persistence unit 'default'"}
""{"time": "2023-06-22 12:53:42,847", "level": "INFO", "correlation-id": "", "source": "o.h.t.schema.internal.SchemaDropperImpl$DelayedDropActionImpl:538", "message": "HHH000477: Starting delayed evictData of schema as part of SessionFactory shut-down'"}
""{"time": "2023-06-22 12:53:43,041", "level": "INFO", "correlation-id": "", "source": "com.zaxxer.hikari.HikariDataSource:350", "message": "HikariPool-1 - Shutdown initiated..."}
""{"time": "2023-06-22 12:53:43,043", "level": "INFO", "correlation-id": "", "source": "com.zaxxer.hikari.HikariDataSource:352", "message": "HikariPool-1 - Shutdown completed."}
""{"time": "2023-06-22 12:53:45,434", "level": "INFO", "correlation-id": "", "source": "com.intro.springbootapplication.SpringbootApplication:55", "message": "Starting SpringbootApplication using Java 17.0.6 on evonem with PID 14099 (/home/arjanaternava/Desktop/springmasterclass/springbootApplication/target/classes started by arjanaternava in /home/arjanaternava/Desktop/springmasterclass/springbootApplication)"}
""{"time": "2023-06-22 12:53:45,436", "level": "INFO", "correlation-id": "", "source": "com.intro.springbootapplication.SpringbootApplication:637", "message": "The following 1 profile is active: "dev""}
""{"time": "2023-06-22 12:53:45,794", "level": "INFO", "correlation-id": "", "source": "o.s.data.repository.config.RepositoryConfigurationDelegate:132", "message": "Bootstrapping Spring Data JPA repositories in DEFAULT mode."}
""{"time": "2023-06-22 12:53:45,817", "level": "INFO", "correlation-id": "", "source": "o.s.data.repository.config.RepositoryConfigurationDelegate:201", "message": "Finished Spring Data repository scanning in 15 ms. Found 1 JPA repository interfaces."}
""{"time": "2023-06-22 12:53:45,888", "level": "INFO", "correlation-id": "", "source": "org.springframework.cloud.context.scope.GenericScope:283", "message": "BeanFactory id=a677af16-e91e-3529-8b0b-4b66dad42027"}
""{"time": "2023-06-22 12:53:46,033", "level": "INFO", "correlation-id": "", "source": "org.springframework.boot.web.embedded.tomcat.TomcatWebServer:108", "message": "Tomcat initialized with port(s): 8080 (http)"}
""{"time": "2023-06-22 12:53:46,037", "level": "INFO", "correlation-id": "", "source": "org.apache.catalina.core.StandardService:173", "message": "Starting service [Tomcat]"}
""{"time": "2023-06-22 12:53:46,037", "level": "INFO", "correlation-id": "", "source": "org.apache.catalina.core.StandardEngine:173", "message": "Starting Servlet engine: [Apache Tomcat/9.0.75]"}
""{"time": "2023-06-22 12:53:46,080", "level": "INFO", "correlation-id": "", "source": "org.apache.catalina.core.ContainerBase.[Tomcat].[localhost].[/]:173", "message": "Initializing Spring embedded WebApplicationContext"}
""{"time": "2023-06-22 12:53:46,081", "level": "INFO", "correlation-id": "", "source": "o.s.boot.web.servlet.context.ServletWebServerApplicationContext:292", "message": "Root WebApplicationContext: initialization completed in 627 ms"}
""{"time": "2023-06-22 12:53:46,130", "level": "INFO", "correlation-id": "", "source": "com.zaxxer.hikari.HikariDataSource:110", "message": "HikariPool-1 - Starting..."}
""{"time": "2023-06-22 12:53:46,221", "level": "INFO", "correlation-id": "", "source": "com.zaxxer.hikari.HikariDataSource:123", "message": "HikariPool-1 - Start completed."}
""{"time": "2023-06-22 12:53:46,229", "level": "INFO", "correlation-id": "", "source": "o.s.boot.autoconfigure.h2.H2ConsoleAutoConfiguration:98", "message": "H2 console available at '/h2-dev-environment'. Database available at 'jdbc:h2:mem:testdb-dev-environment'"}
""{"time": "2023-06-22 12:53:46,328", "level": "INFO", "correlation-id": "", "source": "org.hibernate.jpa.internal.util.LogHelper:31", "message": "HHH000204: Processing PersistenceUnitInfo [name: default]"}
""{"time": "2023-06-22 12:53:46,344", "level": "INFO", "correlation-id": "", "source": "org.hibernate.Version:44", "message": "HHH000412: Hibernate ORM core version 5.6.15.Final"}
""{"time": "2023-06-22 12:53:46,399", "level": "INFO", "correlation-id": "", "source": "org.hibernate.annotations.common.Version:56", "message": "HCANN000001: Hibernate Commons Annotations {5.1.2.Final}"}
""{"time": "2023-06-22 12:53:46,438", "level": "INFO", "correlation-id": "", "source": "org.hibernate.dialect.Dialect:175", "message": "HHH000400: Using dialect: org.hibernate.dialect.H2Dialect"}
""{"time": "2023-06-22 12:53:46,645", "level": "INFO", "correlation-id": "", "source": "o.h.e.transaction.jta.platform.internal.JtaPlatformInitiator:52", "message": "HHH000490: Using JtaPlatform implementation: [org.hibernate.engine.transaction.jta.platform.internal.NoJtaPlatform]"}
""{"time": "2023-06-22 12:53:46,650", "level": "INFO", "correlation-id": "", "source": "o.s.orm.jpa.LocalContainerEntityManagerFactoryBean:437", "message": "Initialized JPA EntityManagerFactory for persistence unit 'default'"}
""{"time": "2023-06-22 12:53:46,813", "level": "WARN", "correlation-id": "", "source": "o.s.b.a.orm.jpa.JpaBaseConfiguration$JpaWebConfiguration:223", "message": "spring.jpa.open-in-view is enabled by default. Therefore, database queries may be performed during view rendering. Explicitly configure spring.jpa.open-in-view to disable this warning"}
""{"time": "2023-06-22 12:53:47,103", "level": "INFO", "correlation-id": "", "source": "o.s.boot.actuate.endpoint.web.EndpointLinksResolver:58", "message": "Exposing 2 endpoint(s) beneath base path '/actuator'"}
""{"time": "2023-06-22 12:53:47,132", "level": "INFO", "correlation-id": "", "source": "org.springframework.boot.web.embedded.tomcat.TomcatWebServer:220", "message": "Tomcat started on port(s): 8080 (http) with context path ''"}
""{"time": "2023-06-22 12:53:47,176", "level": "INFO", "correlation-id": "", "source": "com.intro.springbootapplication.SpringbootApplication:61", "message": "Started SpringbootApplication in 2.007 seconds (JVM running for 2.361)"}
""{"time": "2023-06-22 12:53:47,950", "level": "INFO", "correlation-id": "", "source": "org.apache.catalina.core.ContainerBase.[Tomcat].[localhost].[/]:173", "message": "Initializing Spring DispatcherServlet 'dispatcherServlet'"}
""{"time": "2023-06-22 12:53:47,950", "level": "INFO", "correlation-id": "", "source": "org.springframework.web.servlet.DispatcherServlet:525", "message": "Initializing Servlet 'dispatcherServlet'"}
""{"time": "2023-06-22 12:53:47,951", "level": "INFO", "correlation-id": "", "source": "org.springframework.web.servlet.DispatcherServlet:547", "message": "Completed initialization in 1 ms"}
""{"time": "2023-06-22 12:58:10,587", "level": "INFO", "correlation-id": "", "source": "o.s.orm.jpa.LocalContainerEntityManagerFactoryBean:651", "message": "Closing JPA EntityManagerFactory for persistence unit 'default'"}
""{"time": "2023-06-22 12:58:10,588", "level": "INFO", "correlation-id": "", "source": "o.h.t.schema.internal.SchemaDropperImpl$DelayedDropActionImpl:538", "message": "HHH000477: Starting delayed evictData of schema as part of SessionFactory shut-down'"}
""{"time": "2023-06-22 12:58:10,788", "level": "INFO", "correlation-id": "", "source": "com.zaxxer.hikari.HikariDataSource:350", "message": "HikariPool-1 - Shutdown initiated..."}
""{"time": "2023-06-22 12:58:10,790", "level": "INFO", "correlation-id": "", "source": "com.zaxxer.hikari.HikariDataSource:352", "message": "HikariPool-1 - Shutdown completed."}
""{"time": "2023-06-22 12:58:11,831", "level": "INFO", "correlation-id": "", "source": "com.intro.springbootapplication.SpringbootApplication:55", "message": "Starting SpringbootApplication using Java 17.0.6 on evonem with PID 14379 (/home/arjanaternava/Desktop/springmasterclass/springbootApplication/target/classes started by arjanaternava in /home/arjanaternava/Desktop/springmasterclass/springbootApplication)"}
""{"time": "2023-06-22 12:58:11,833", "level": "INFO", "correlation-id": "", "source": "com.intro.springbootapplication.SpringbootApplication:631", "message": "No active profile set, falling back to 1 default profile: "default""}
""{"time": "2023-06-22 12:58:12,261", "level": "INFO", "correlation-id": "", "source": "o.s.data.repository.config.RepositoryConfigurationDelegate:132", "message": "Bootstrapping Spring Data JPA repositories in DEFAULT mode."}
""{"time": "2023-06-22 12:58:12,285", "level": "INFO", "correlation-id": "", "source": "o.s.data.repository.config.RepositoryConfigurationDelegate:201", "message": "Finished Spring Data repository scanning in 21 ms. Found 1 JPA repository interfaces."}
""{"time": "2023-06-22 12:58:12,357", "level": "INFO", "correlation-id": "", "source": "org.springframework.cloud.context.scope.GenericScope:283", "message": "BeanFactory id=a677af16-e91e-3529-8b0b-4b66dad42027"}
""{"time": "2023-06-22 12:58:12,512", "level": "INFO", "correlation-id": "", "source": "org.springframework.boot.web.embedded.tomcat.TomcatWebServer:108", "message": "Tomcat initialized with port(s): 8080 (http)"}
""{"time": "2023-06-22 12:58:12,516", "level": "INFO", "correlation-id": "", "source": "org.apache.catalina.core.StandardService:173", "message": "Starting service [Tomcat]"}
""{"time": "2023-06-22 12:58:12,516", "level": "INFO", "correlation-id": "", "source": "org.apache.catalina.core.StandardEngine:173", "message": "Starting Servlet engine: [Apache Tomcat/9.0.75]"}
""{"time": "2023-06-22 12:58:12,561", "level": "INFO", "correlation-id": "", "source": "org.apache.catalina.core.ContainerBase.[Tomcat].[localhost].[/]:173", "message": "Initializing Spring embedded WebApplicationContext"}
""{"time": "2023-06-22 12:58:12,561", "level": "INFO", "correlation-id": "", "source": "o.s.boot.web.servlet.context.ServletWebServerApplicationContext:292", "message": "Root WebApplicationContext: initialization completed in 707 ms"}
""{"time": "2023-06-22 12:58:12,615", "level": "INFO", "correlation-id": "", "source": "com.zaxxer.hikari.HikariDataSource:110", "message": "HikariPool-1 - Starting..."}
""{"time": "2023-06-22 12:58:12,702", "level": "INFO", "correlation-id": "", "source": "com.zaxxer.hikari.HikariDataSource:123", "message": "HikariPool-1 - Start completed."}
""{"time": "2023-06-22 12:58:12,708", "level": "INFO", "correlation-id": "", "source": "o.s.boot.autoconfigure.h2.H2ConsoleAutoConfiguration:98", "message": "H2 console available at '/h2'. Database available at 'jdbc:h2:mem:testdb'"}
""{"time": "2023-06-22 12:58:12,786", "level": "INFO", "correlation-id": "", "source": "org.hibernate.jpa.internal.util.LogHelper:31", "message": "HHH000204: Processing PersistenceUnitInfo [name: default]"}
""{"time": "2023-06-22 12:58:12,806", "level": "INFO", "correlation-id": "", "source": "org.hibernate.Version:44", "message": "HHH000412: Hibernate ORM core version 5.6.15.Final"}
""{"time": "2023-06-22 12:58:12,862", "level": "INFO", "correlation-id": "", "source": "org.hibernate.annotations.common.Version:56", "message": "HCANN000001: Hibernate Commons Annotations {5.1.2.Final}"}
""{"time": "2023-06-22 12:58:12,902", "level": "INFO", "correlation-id": "", "source": "org.hibernate.dialect.Dialect:175", "message": "HHH000400: Using dialect: org.hibernate.dialect.H2Dialect"}
""{"time": "2023-06-22 12:58:13,116", "level": "INFO", "correlation-id": "", "source": "o.h.e.transaction.jta.platform.internal.JtaPlatformInitiator:52", "message": "HHH000490: Using JtaPlatform implementation: [org.hibernate.engine.transaction.jta.platform.internal.NoJtaPlatform]"}
""{"time": "2023-06-22 12:58:13,119", "level": "INFO", "correlation-id": "", "source": "o.s.orm.jpa.LocalContainerEntityManagerFactoryBean:437", "message": "Initialized JPA EntityManagerFactory for persistence unit 'default'"}
""{"time": "2023-06-22 12:58:13,246", "level": "WARN", "correlation-id": "", "source": "o.s.b.a.orm.jpa.JpaBaseConfiguration$JpaWebConfiguration:223", "message": "spring.jpa.open-in-view is enabled by default. Therefore, database queries may be performed during view rendering. Explicitly configure spring.jpa.open-in-view to disable this warning"}
""{"time": "2023-06-22 12:58:13,589", "level": "INFO", "correlation-id": "", "source": "o.s.boot.actuate.endpoint.web.EndpointLinksResolver:58", "message": "Exposing 2 endpoint(s) beneath base path '/actuator'"}
""{"time": "2023-06-22 12:58:13,620", "level": "INFO", "correlation-id": "", "source": "org.springframework.boot.web.embedded.tomcat.TomcatWebServer:220", "message": "Tomcat started on port(s): 8080 (http) with context path ''"}
""{"time": "2023-06-22 12:58:13,663", "level": "INFO", "correlation-id": "", "source": "com.intro.springbootapplication.SpringbootApplication:61", "message": "Started SpringbootApplication in 2.063 seconds (JVM running for 2.322)"}
""{"time": "2023-06-22 12:58:14,457", "level": "INFO", "correlation-id": "", "source": "org.apache.catalina.core.ContainerBase.[Tomcat].[localhost].[/]:173", "message": "Initializing Spring DispatcherServlet 'dispatcherServlet'"}
""{"time": "2023-06-22 12:58:14,458", "level": "INFO", "correlation-id": "", "source": "org.springframework.web.servlet.DispatcherServlet:525", "message": "Initializing Servlet 'dispatcherServlet'"}
""{"time": "2023-06-22 12:58:14,459", "level": "INFO", "correlation-id": "", "source": "org.springframework.web.servlet.DispatcherServlet:547", "message": "Completed initialization in 1 ms"}
""{"time": "2023-06-22 13:00:02,017", "level": "INFO", "correlation-id": "", "source": "o.s.orm.jpa.LocalContainerEntityManagerFactoryBean:651", "message": "Closing JPA EntityManagerFactory for persistence unit 'default'"}
""{"time": "2023-06-22 13:00:02,018", "level": "INFO", "correlation-id": "", "source": "o.h.t.schema.internal.SchemaDropperImpl$DelayedDropActionImpl:538", "message": "HHH000477: Starting delayed evictData of schema as part of SessionFactory shut-down'"}
""{"time": "2023-06-22 13:00:02,221", "level": "INFO", "correlation-id": "", "source": "com.zaxxer.hikari.HikariDataSource:350", "message": "HikariPool-1 - Shutdown initiated..."}
""{"time": "2023-06-22 13:00:02,222", "level": "INFO", "correlation-id": "", "source": "com.zaxxer.hikari.HikariDataSource:352", "message": "HikariPool-1 - Shutdown completed."}
""{"time": "2023-06-22 13:00:04,215", "level": "INFO", "correlation-id": "", "source": "com.intro.springbootapplication.SpringbootApplication:55", "message": "Starting SpringbootApplication using Java 17.0.6 on evonem with PID 14567 (/home/arjanaternava/Desktop/springmasterclass/springbootApplication/target/classes started by arjanaternava in /home/arjanaternava/Desktop/springmasterclass/springbootApplication)"}
""{"time": "2023-06-22 13:00:04,217", "level": "INFO", "correlation-id": "", "source": "com.intro.springbootapplication.SpringbootApplication:637", "message": "The following 1 profile is active: "dev""}
""{"time": "2023-06-22 13:00:04,490", "level": "INFO", "correlation-id": "", "source": "com.intro.springbootapplication.SpringbootApplication:55", "message": "Starting SpringbootApplication using Java 17.0.6 on evonem with PID 14641 (/home/arjanaternava/Desktop/springmasterclass/springbootApplication/target/classes started by arjanaternava in /home/arjanaternava/Desktop/springmasterclass/springbootApplication)"}
""{"time": "2023-06-22 13:00:04,491", "level": "INFO", "correlation-id": "", "source": "com.intro.springbootapplication.SpringbootApplication:637", "message": "The following 1 profile is active: "dev""}
""{"time": "2023-06-22 13:00:04,936", "level": "INFO", "correlation-id": "", "source": "o.s.data.repository.config.RepositoryConfigurationDelegate:132", "message": "Bootstrapping Spring Data JPA repositories in DEFAULT mode."}
""{"time": "2023-06-22 13:00:04,940", "level": "INFO", "correlation-id": "", "source": "o.s.data.repository.config.RepositoryConfigurationDelegate:132", "message": "Bootstrapping Spring Data JPA repositories in DEFAULT mode."}
""{"time": "2023-06-22 13:00:04,962", "level": "INFO", "correlation-id": "", "source": "o.s.data.repository.config.RepositoryConfigurationDelegate:201", "message": "Finished Spring Data repository scanning in 21 ms. Found 1 JPA repository interfaces."}
""{"time": "2023-06-22 13:00:04,967", "level": "INFO", "correlation-id": "", "source": "o.s.data.repository.config.RepositoryConfigurationDelegate:201", "message": "Finished Spring Data repository scanning in 23 ms. Found 1 JPA repository interfaces."}
""{"time": "2023-06-22 13:00:05,059", "level": "INFO", "correlation-id": "", "source": "org.springframework.cloud.context.scope.GenericScope:283", "message": "BeanFactory id=a677af16-e91e-3529-8b0b-4b66dad42027"}
""{"time": "2023-06-22 13:00:05,060", "level": "INFO", "correlation-id": "", "source": "org.springframework.cloud.context.scope.GenericScope:283", "message": "BeanFactory id=a677af16-e91e-3529-8b0b-4b66dad42027"}
""{"time": "2023-06-22 13:00:05,263", "level": "INFO", "correlation-id": "", "source": "org.springframework.boot.web.embedded.tomcat.TomcatWebServer:108", "message": "Tomcat initialized with port(s): 8080 (http)"}
""{"time": "2023-06-22 13:00:05,269", "level": "INFO", "correlation-id": "", "source": "org.apache.catalina.core.StandardService:173", "message": "Starting service [Tomcat]"}
""{"time": "2023-06-22 13:00:05,269", "level": "INFO", "correlation-id": "", "source": "org.apache.catalina.core.StandardEngine:173", "message": "Starting Servlet engine: [Apache Tomcat/9.0.75]"}
""{"time": "2023-06-22 13:00:05,275", "level": "INFO", "correlation-id": "", "source": "org.springframework.boot.web.embedded.tomcat.TomcatWebServer:108", "message": "Tomcat initialized with port(s): 8080 (http)"}
""{"time": "2023-06-22 13:00:05,280", "level": "INFO", "correlation-id": "", "source": "org.apache.catalina.core.StandardService:173", "message": "Starting service [Tomcat]"}
""{"time": "2023-06-22 13:00:05,280", "level": "INFO", "correlation-id": "", "source": "org.apache.catalina.core.StandardEngine:173", "message": "Starting Servlet engine: [Apache Tomcat/9.0.75]"}
""{"time": "2023-06-22 13:00:05,323", "level": "INFO", "correlation-id": "", "source": "org.apache.catalina.core.ContainerBase.[Tomcat].[localhost].[/]:173", "message": "Initializing Spring embedded WebApplicationContext"}
""{"time": "2023-06-22 13:00:05,324", "level": "INFO", "correlation-id": "", "source": "o.s.boot.web.servlet.context.ServletWebServerApplicationContext:292", "message": "Root WebApplicationContext: initialization completed in 1075 ms"}
""{"time": "2023-06-22 13:00:05,330", "level": "INFO", "correlation-id": "", "source": "org.apache.catalina.core.ContainerBase.[Tomcat].[localhost].[/]:173", "message": "Initializing Spring embedded WebApplicationContext"}
""{"time": "2023-06-22 13:00:05,330", "level": "INFO", "correlation-id": "", "source": "o.s.boot.web.servlet.context.ServletWebServerApplicationContext:292", "message": "Root WebApplicationContext: initialization completed in 810 ms"}
""{"time": "2023-06-22 13:00:05,393", "level": "INFO", "correlation-id": "", "source": "com.zaxxer.hikari.HikariDataSource:110", "message": "HikariPool-1 - Starting..."}
""{"time": "2023-06-22 13:00:05,398", "level": "INFO", "correlation-id": "", "source": "com.zaxxer.hikari.HikariDataSource:110", "message": "HikariPool-1 - Starting..."}
""{"time": "2023-06-22 13:00:05,502", "level": "INFO", "correlation-id": "", "source": "com.zaxxer.hikari.HikariDataSource:123", "message": "HikariPool-1 - Start completed."}
""{"time": "2023-06-22 13:00:05,509", "level": "INFO", "correlation-id": "", "source": "o.s.boot.autoconfigure.h2.H2ConsoleAutoConfiguration:98", "message": "H2 console available at '/h2-dev-environment'. Database available at 'jdbc:h2:mem:testdb-dev-environment'"}
""{"time": "2023-06-22 13:00:05,525", "level": "INFO", "correlation-id": "", "source": "com.zaxxer.hikari.HikariDataSource:123", "message": "HikariPool-1 - Start completed."}
""{"time": "2023-06-22 13:00:05,535", "level": "INFO", "correlation-id": "", "source": "o.s.boot.autoconfigure.h2.H2ConsoleAutoConfiguration:98", "message": "H2 console available at '/h2-dev-environment'. Database available at 'jdbc:h2:mem:testdb-dev-environment'"}
""{"time": "2023-06-22 13:00:05,599", "level": "INFO", "correlation-id": "", "source": "org.hibernate.jpa.internal.util.LogHelper:31", "message": "HHH000204: Processing PersistenceUnitInfo [name: default]"}
""{"time": "2023-06-22 13:00:05,618", "level": "INFO", "correlation-id": "", "source": "org.hibernate.Version:44", "message": "HHH000412: Hibernate ORM core version 5.6.15.Final"}
""{"time": "2023-06-22 13:00:05,646", "level": "INFO", "correlation-id": "", "source": "org.hibernate.jpa.internal.util.LogHelper:31", "message": "HHH000204: Processing PersistenceUnitInfo [name: default]"}
""{"time": "2023-06-22 13:00:05,667", "level": "INFO", "correlation-id": "", "source": "org.hibernate.Version:44", "message": "HHH000412: Hibernate ORM core version 5.6.15.Final"}
""{"time": "2023-06-22 13:00:05,682", "level": "INFO", "correlation-id": "", "source": "org.hibernate.annotations.common.Version:56", "message": "HCANN000001: Hibernate Commons Annotations {5.1.2.Final}"}
""{"time": "2023-06-22 13:00:05,728", "level": "INFO", "correlation-id": "", "source": "org.hibernate.dialect.Dialect:175", "message": "HHH000400: Using dialect: org.hibernate.dialect.H2Dialect"}
""{"time": "2023-06-22 13:00:05,740", "level": "INFO", "correlation-id": "", "source": "org.hibernate.annotations.common.Version:56", "message": "HCANN000001: Hibernate Commons Annotations {5.1.2.Final}"}
""{"time": "2023-06-22 13:00:05,793", "level": "INFO", "correlation-id": "", "source": "org.hibernate.dialect.Dialect:175", "message": "HHH000400: Using dialect: org.hibernate.dialect.H2Dialect"}
""{"time": "2023-06-22 13:00:06,017", "level": "INFO", "correlation-id": "", "source": "o.h.e.transaction.jta.platform.internal.JtaPlatformInitiator:52", "message": "HHH000490: Using JtaPlatform implementation: [org.hibernate.engine.transaction.jta.platform.internal.NoJtaPlatform]"}
""{"time": "2023-06-22 13:00:06,022", "level": "INFO", "correlation-id": "", "source": "o.s.orm.jpa.LocalContainerEntityManagerFactoryBean:437", "message": "Initialized JPA EntityManagerFactory for persistence unit 'default'"}
""{"time": "2023-06-22 13:00:06,097", "level": "INFO", "correlation-id": "", "source": "o.h.e.transaction.jta.platform.internal.JtaPlatformInitiator:52", "message": "HHH000490: Using JtaPlatform implementation: [org.hibernate.engine.transaction.jta.platform.internal.NoJtaPlatform]"}
""{"time": "2023-06-22 13:00:06,102", "level": "INFO", "correlation-id": "", "source": "o.s.orm.jpa.LocalContainerEntityManagerFactoryBean:437", "message": "Initialized JPA EntityManagerFactory for persistence unit 'default'"}
""{"time": "2023-06-22 13:00:06,182", "level": "WARN", "correlation-id": "", "source": "o.s.b.a.orm.jpa.JpaBaseConfiguration$JpaWebConfiguration:223", "message": "spring.jpa.open-in-view is enabled by default. Therefore, database queries may be performed during view rendering. Explicitly configure spring.jpa.open-in-view to disable this warning"}
""{"time": "2023-06-22 13:00:06,715", "level": "INFO", "correlation-id": "", "source": "o.s.boot.actuate.endpoint.web.EndpointLinksResolver:58", "message": "Exposing 2 endpoint(s) beneath base path '/actuator'"}
""{"time": "2023-06-22 13:00:06,760", "level": "INFO", "correlation-id": "", "source": "org.springframework.boot.web.embedded.tomcat.TomcatWebServer:220", "message": "Tomcat started on port(s): 8080 (http) with context path ''"}
""{"time": "2023-06-22 13:00:06,802", "level": "INFO", "correlation-id": "", "source": "com.intro.springbootapplication.SpringbootApplication:61", "message": "Started SpringbootApplication in 2.675 seconds (JVM running for 3.033)"}
""{"time": "2023-06-22 13:00:07,401", "level": "INFO", "correlation-id": "", "source": "org.apache.catalina.core.ContainerBase.[Tomcat].[localhost].[/]:173", "message": "Initializing Spring DispatcherServlet 'dispatcherServlet'"}
""{"time": "2023-06-22 13:00:07,402", "level": "INFO", "correlation-id": "", "source": "org.springframework.web.servlet.DispatcherServlet:525", "message": "Initializing Servlet 'dispatcherServlet'"}
""{"time": "2023-06-22 13:00:07,403", "level": "INFO", "correlation-id": "", "source": "org.springframework.web.servlet.DispatcherServlet:547", "message": "Completed initialization in 1 ms"}
""{"time": "2023-06-22 13:00:10,887", "level": "INFO", "correlation-id": "", "source": "o.s.orm.jpa.LocalContainerEntityManagerFactoryBean:651", "message": "Closing JPA EntityManagerFactory for persistence unit 'default'"}
""{"time": "2023-06-22 13:00:10,888", "level": "INFO", "correlation-id": "", "source": "o.h.t.schema.internal.SchemaDropperImpl$DelayedDropActionImpl:538", "message": "HHH000477: Starting delayed evictData of schema as part of SessionFactory shut-down'"}
""{"time": "2023-06-22 13:00:10,907", "level": "WARN", "correlation-id": "", "source": "o.s.b.a.orm.jpa.JpaBaseConfiguration$JpaWebConfiguration:223", "message": "spring.jpa.open-in-view is enabled by default. Therefore, database queries may be performed during view rendering. Explicitly configure spring.jpa.open-in-view to disable this warning"}
""{"time": "2023-06-22 13:00:11,081", "level": "INFO", "correlation-id": "", "source": "com.zaxxer.hikari.HikariDataSource:350", "message": "HikariPool-1 - Shutdown initiated..."}
""{"time": "2023-06-22 13:00:11,083", "level": "INFO", "correlation-id": "", "source": "com.zaxxer.hikari.HikariDataSource:352", "message": "HikariPool-1 - Shutdown completed."}
""{"time": "2023-06-22 13:00:11,253", "level": "INFO", "correlation-id": "", "source": "o.s.boot.actuate.endpoint.web.EndpointLinksResolver:58", "message": "Exposing 2 endpoint(s) beneath base path '/actuator'"}
""{"time": "2023-06-22 13:00:11,286", "level": "INFO", "correlation-id": "", "source": "org.springframework.boot.web.embedded.tomcat.TomcatWebServer:220", "message": "Tomcat started on port(s): 8080 (http) with context path ''"}
""{"time": "2023-06-22 13:00:11,330", "level": "INFO", "correlation-id": "", "source": "com.intro.springbootapplication.SpringbootApplication:61", "message": "Started SpringbootApplication in 7.556 seconds (JVM running for 8.47)"}
""{"time": "2023-06-22 13:00:11,342", "level": "INFO", "correlation-id": "", "source": "o.s.orm.jpa.LocalContainerEntityManagerFactoryBean:651", "message": "Closing JPA EntityManagerFactory for persistence unit 'default'"}
""{"time": "2023-06-22 13:00:11,363", "level": "INFO", "correlation-id": "", "source": "o.h.t.schema.internal.SchemaDropperImpl$DelayedDropActionImpl:538", "message": "HHH000477: Starting delayed evictData of schema as part of SessionFactory shut-down'"}
""{"time": "2023-06-22 13:00:11,368", "level": "INFO", "correlation-id": "", "source": "com.zaxxer.hikari.HikariDataSource:350", "message": "HikariPool-1 - Shutdown initiated..."}
""{"time": "2023-06-22 13:00:11,369", "level": "INFO", "correlation-id": "", "source": "com.zaxxer.hikari.HikariDataSource:352", "message": "HikariPool-1 - Shutdown completed."}
""{"time": "2023-06-22 13:00:13,916", "level": "INFO", "correlation-id": "", "source": "com.intro.springbootapplication.SpringbootApplication:55", "message": "Starting SpringbootApplication using Java 17.0.6 on evonem with PID 14806 (/home/arjanaternava/Desktop/springmasterclass/springbootApplication/target/classes started by arjanaternava in /home/arjanaternava/Desktop/springmasterclass/springbootApplication)"}
""{"time": "2023-06-22 13:00:13,918", "level": "INFO", "correlation-id": "", "source": "com.intro.springbootapplication.SpringbootApplication:637", "message": "The following 1 profile is active: "dev""}
""{"time": "2023-06-22 13:00:14,357", "level": "INFO", "correlation-id": "", "source": "o.s.data.repository.config.RepositoryConfigurationDelegate:132", "message": "Bootstrapping Spring Data JPA repositories in DEFAULT mode."}
""{"time": "2023-06-22 13:00:14,376", "level": "INFO", "correlation-id": "", "source": "o.s.data.repository.config.RepositoryConfigurationDelegate:201", "message": "Finished Spring Data repository scanning in 16 ms. Found 1 JPA repository interfaces."}
""{"time": "2023-06-22 13:00:14,447", "level": "INFO", "correlation-id": "", "source": "org.springframework.cloud.context.scope.GenericScope:283", "message": "BeanFactory id=a677af16-e91e-3529-8b0b-4b66dad42027"}
""{"time": "2023-06-22 13:00:14,607", "level": "INFO", "correlation-id": "", "source": "org.springframework.boot.web.embedded.tomcat.TomcatWebServer:108", "message": "Tomcat initialized with port(s): 8080 (http)"}
""{"time": "2023-06-22 13:00:14,611", "level": "INFO", "correlation-id": "", "source": "org.apache.catalina.core.StandardService:173", "message": "Starting service [Tomcat]"}
""{"time": "2023-06-22 13:00:14,612", "level": "INFO", "correlation-id": "", "source": "org.apache.catalina.core.StandardEngine:173", "message": "Starting Servlet engine: [Apache Tomcat/9.0.75]"}
""{"time": "2023-06-22 13:00:14,657", "level": "INFO", "correlation-id": "", "source": "org.apache.catalina.core.ContainerBase.[Tomcat].[localhost].[/]:173", "message": "Initializing Spring embedded WebApplicationContext"}
""{"time": "2023-06-22 13:00:14,657", "level": "INFO", "correlation-id": "", "source": "o.s.boot.web.servlet.context.ServletWebServerApplicationContext:292", "message": "Root WebApplicationContext: initialization completed in 717 ms"}
""{"time": "2023-06-22 13:00:14,711", "level": "INFO", "correlation-id": "", "source": "com.zaxxer.hikari.HikariDataSource:110", "message": "HikariPool-1 - Starting..."}
""{"time": "2023-06-22 13:00:14,801", "level": "INFO", "correlation-id": "", "source": "com.zaxxer.hikari.HikariDataSource:123", "message": "HikariPool-1 - Start completed."}
""{"time": "2023-06-22 13:00:14,806", "level": "INFO", "correlation-id": "", "source": "o.s.boot.autoconfigure.h2.H2ConsoleAutoConfiguration:98", "message": "H2 console available at '/h2-dev-environment'. Database available at 'jdbc:h2:mem:testdb-dev-environment'"}
""{"time": "2023-06-22 13:00:14,899", "level": "INFO", "correlation-id": "", "source": "org.hibernate.jpa.internal.util.LogHelper:31", "message": "HHH000204: Processing PersistenceUnitInfo [name: default]"}
""{"time": "2023-06-22 13:00:14,919", "level": "INFO", "correlation-id": "", "source": "org.hibernate.Version:44", "message": "HHH000412: Hibernate ORM core version 5.6.15.Final"}
""{"time": "2023-06-22 13:00:14,973", "level": "INFO", "correlation-id": "", "source": "org.hibernate.annotations.common.Version:56", "message": "HCANN000001: Hibernate Commons Annotations {5.1.2.Final}"}
""{"time": "2023-06-22 13:00:15,008", "level": "INFO", "correlation-id": "", "source": "org.hibernate.dialect.Dialect:175", "message": "HHH000400: Using dialect: org.hibernate.dialect.H2Dialect"}
""{"time": "2023-06-22 13:00:15,235", "level": "INFO", "correlation-id": "", "source": "o.h.e.transaction.jta.platform.internal.JtaPlatformInitiator:52", "message": "HHH000490: Using JtaPlatform implementation: [org.hibernate.engine.transaction.jta.platform.internal.NoJtaPlatform]"}
""{"time": "2023-06-22 13:00:15,238", "level": "INFO", "correlation-id": "", "source": "o.s.orm.jpa.LocalContainerEntityManagerFactoryBean:437", "message": "Initialized JPA EntityManagerFactory for persistence unit 'default'"}
""{"time": "2023-06-22 13:00:15,374", "level": "WARN", "correlation-id": "", "source": "o.s.b.a.orm.jpa.JpaBaseConfiguration$JpaWebConfiguration:223", "message": "spring.jpa.open-in-view is enabled by default. Therefore, database queries may be performed during view rendering. Explicitly configure spring.jpa.open-in-view to disable this warning"}
""{"time": "2023-06-22 13:00:15,715", "level": "INFO", "correlation-id": "", "source": "o.s.boot.actuate.endpoint.web.EndpointLinksResolver:58", "message": "Exposing 2 endpoint(s) beneath base path '/actuator'"}
""{"time": "2023-06-22 13:00:15,745", "level": "INFO", "correlation-id": "", "source": "org.springframework.boot.web.embedded.tomcat.TomcatWebServer:220", "message": "Tomcat started on port(s): 8080 (http) with context path ''"}
""{"time": "2023-06-22 13:00:15,789", "level": "INFO", "correlation-id": "", "source": "com.intro.springbootapplication.SpringbootApplication:61", "message": "Started SpringbootApplication in 2.151 seconds (JVM running for 2.523)"}
""{"time": "2023-06-22 13:00:16,410", "level": "INFO", "correlation-id": "", "source": "org.apache.catalina.core.ContainerBase.[Tomcat].[localhost].[/]:173", "message": "Initializing Spring DispatcherServlet 'dispatcherServlet'"}
""{"time": "2023-06-22 13:00:16,410", "level": "INFO", "correlation-id": "", "source": "org.springframework.web.servlet.DispatcherServlet:525", "message": "Initializing Servlet 'dispatcherServlet'"}
""{"time": "2023-06-22 13:00:16,411", "level": "INFO", "correlation-id": "", "source": "org.springframework.web.servlet.DispatcherServlet:547", "message": "Completed initialization in 1 ms"}
"